-------------------------------------------------------------------------------
Test set: cpe.pmb.ptr.PasserelleMicroBitSApplicationTests
-------------------------------------------------------------------------------
Tests run: 1, Failures: 0, Errors: 1, Skipped: 0, Time elapsed: 1.564 s <<< FAILURE! - in cpe.pmb.ptr.PasserelleMicroBitSApplicationTests
contextLoads  Time elapsed: 0.005 s  <<< ERROR!
java.lang.IllegalStateException: Failed to load ApplicationContext
Caused by: org.springframework.beans.factory.UnsatisfiedDependencyException: Error creating bean with name 'uartController': Unsatisfied dependency expressed through field 'uartService'; nested exception is org.springframework.beans.factory.UnsatisfiedDependencyException: Error creating bean with name 'uartService': Unsatisfied dependency expressed through field 'dataOutputStream'; nested exception is org.springframework.beans.factory.BeanCreationException: Error creating bean with name 'dataOutputStream' defined in class path resource [config/UartConfig.class]: Bean instantiation via factory method failed; nested exception is org.springframework.beans.BeanInstantiationException: Failed to instantiate [java.io.DataOutputStream]: Factory method 'dataOutputStream' threw exception; nested exception is java.lang.NullPointerException: Cannot invoke "gnu.io.SerialPort.getOutputStream()" because "this.serial" is null
Caused by: org.springframework.beans.factory.UnsatisfiedDependencyException: Error creating bean with name 'uartService': Unsatisfied dependency expressed through field 'dataOutputStream'; nested exception is org.springframework.beans.factory.BeanCreationException: Error creating bean with name 'dataOutputStream' defined in class path resource [config/UartConfig.class]: Bean instantiation via factory method failed; nested exception is org.springframework.beans.BeanInstantiationException: Failed to instantiate [java.io.DataOutputStream]: Factory method 'dataOutputStream' threw exception; nested exception is java.lang.NullPointerException: Cannot invoke "gnu.io.SerialPort.getOutputStream()" because "this.serial" is null
Caused by: org.springframework.beans.factory.BeanCreationException: Error creating bean with name 'dataOutputStream' defined in class path resource [config/UartConfig.class]: Bean instantiation via factory method failed; nested exception is org.springframework.beans.BeanInstantiationException: Failed to instantiate [java.io.DataOutputStream]: Factory method 'dataOutputStream' threw exception; nested exception is java.lang.NullPointerException: Cannot invoke "gnu.io.SerialPort.getOutputStream()" because "this.serial" is null
Caused by: org.springframework.beans.BeanInstantiationException: Failed to instantiate [java.io.DataOutputStream]: Factory method 'dataOutputStream' threw exception; nested exception is java.lang.NullPointerException: Cannot invoke "gnu.io.SerialPort.getOutputStream()" because "this.serial" is null
Caused by: java.lang.NullPointerException: Cannot invoke "gnu.io.SerialPort.getOutputStream()" because "this.serial" is null

